     Creating library D:\Politeh\AP\LAB\pr9\pr9.1\pr9.1\x64\Debug\UnitTest1.lib and object D:\Politeh\AP\LAB\pr9\pr9.1\pr9.1\x64\Debug\UnitTest1.exp
UnitTest1.obj : error LNK2019: unresolved external symbol "void __cdecl nsDod::dod(void)" (?dod@nsDod@@YAXXZ) referenced in function "public: void __cdecl UnitTest1::UnitTest1::TestMethod1(void)" (?TestMethod1@UnitTest1@1@QEAAXXZ)
UnitTest1.obj : error LNK2001: unresolved external symbol "int nsVar::n" (?n@nsVar@@3HA)
UnitTest1.obj : error LNK2001: unresolved external symbol "double nsVar::x" (?x@nsVar@@3NA)
UnitTest1.obj : error LNK2001: unresolved external symbol "double nsVar::a" (?a@nsVar@@3NA)
UnitTest1.obj : error LNK2001: unresolved external symbol "double nsVar::s" (?s@nsVar@@3NA)
D:\Politeh\AP\LAB\pr9\pr9.1\pr9.1\x64\Debug\UnitTest1.dll : fatal error LNK1120: 5 unresolved externals
